1	Abelsonite	HM:P -1	#2:	#2:
2	Abernathyite	HM:P 4/n c c	#130:2:	#130:2:
3	Abhurite	HM:R 3 2	#155:h:	#155:h:
4	Abramovite	?
5	Abswurmbachite	HM:I 41/a c d	#142:2:	#142:2:
6	Acanthite	HM:P 1 21/n 1	#14:b2:	#14:b2:
7	Achavalite	HM:P 63 m c	#186:	#194:
8	Actinolite	HM:C 1 2/m 1	#12:b1:	#12:b1:
9	Acuminite	HM:C 1 2/c 1	#15:b1:	#15:b1:
10	Adamite	HM:P n n m	#58:	#58:
11	Adelite	HM:P 21 21 21	#19:	#19:
12	Admontite	HM:P 1 21/c 1	#14:b1:	#14:b1:
13	Aenigmatite	HM:P -1	#2:	#2:
14	Aerinite	HM:P 3 c 1	#158:	#158:
15	Aerugite	HM:R -3 m	#166:r:	#166:r:
16	Afghanite	HM:P 3 1 c	#159:	#159:
17	Afwillite	HM:C 1 c 1	#9:b1:	#9:b1:
18	Agardite	?
19	Agrellite	HM:P -1	#2:	#2:
20	Agrinierite	HM:F 2 m m	#42:cab:	#42:cab:
21	Aguilarite	HM:P 1 21/n 1	#14:b2:	#14:b2:
22	Aheylite	?
23	Ahlfeldite	HM:P 1 21/n 1	#14:b2:	#14:b2:
24	Aikinite	HM:P n m a	#62:	#62:
25	Ajoite	HM:P -1	#2:	#2:
26	Akatoreite	HM:P -1	#2:	#2:
27	Akdalaite	HM:P 63 m c	#186:	#186:
28	Akhtenskite	HM:P 63 m c	#186:	#194:
29	Akimotoite	HM:R -3	#148:h:	#148:h:
30	Akrochordite	HM:P 1 21/c 1	#14:b1:	#14:b1:
31	Aksaite	HM:P b c a	#61:	#61:
32	Aktashite	HM:R 3	#146:h:	#146:h:
33	Alabandite	HM:F m 3 m	#225:	#225:
34	Alamosite	HM:P 1 2/n 1	#13:b2:	#13:b2:
35	Alarsite	HM:P 31 2 1	#	#154:_2:
36	Albite	HM:C -1	#	#2:
37	Albrechtschraufite	HM:P -1	#2:	#2:
38	Aldermanite	?
39	Aleksite	?
40	Alexandrite	?
41	Alforsite	HM:P 63/m	#176:	#176:
42	Algodonite	HM:P 63/m m c	#194:	#194:
43	Aliettite	?
44	Allabogdanite	HM:P n m a	#62:	#62:
45	Allactite	HM:P 1 21/a 1	#14:b3:	#14:b3:
46	Allanite	?
47	Allanpringite	HM:P 1 21/n 1	#14:b2:	#14:b2:
48	Alleghanyite	HM:P 21/b 1 1	#14:a1:	#14:a1:
49	Allingite	?
50	Alloclasite	HM:P 1 21 1	#4:b:	#4:b:
51	Alluaivite	HM:R -3 m	#166:h:	#166:h:
52	Alluaudite	HM:C 1 2/c 1	#15:b1:	#15:b1:
53	Almarudite	HM:P 6/m c c	#192:	#192:
54	Alstonite	HM:P 3 1 m	#157:	#157:
55	Altaite	HM:F m 3 m	#225:	#225:
56	Althausite	HM:P n m a	#62:	#62:
57	Althupite	HM:P -1	#2:	#2:
58	Altisite	HM:C 1 2/m 1	#12:b1:	#12:b1:
59	Aluminite	HM:P 1 21/c 1	#14:b1:	#14:b1:
60	Alunite	HM:R -3 m	#166:h:	#166:h:
61	Amakinite	HM:P -3 m 1	#164:	#164:
62	Amarantite	HM:P -1	#2:	#2:
63	Amazonite	?
64	Amblygonite	HM:C -1	#	#2:
65	Ameghinite	HM:C 1 2/c 1	#15:b1:	#15:b1:
66	Amesite	HM:C 1	#	#1:
67	Amicite	HM:I 1 2 1	#5:b3:	#5:b3:
68	Ammolite	?
69	Amosite	?
70	Anandite	HM:P n m n	#58:bca:	#58:bca:
71	Anapaite	HM:P -1	#2:	#2:
72	Ancylite	?
73	Andalusite	HM:P n n m	#58:	#58:
74	Andersonite	HM:R -3 m	#166:h:	#166:h:
75	Andorite	?
76	Andradite	HM:I a -3 d	#230:	#230:
77	Andyrobertsite	HM:P 1 21/m 1	#11:b:	#11:b:
78	Anglesite	HM:P b n m	#62:cab:	#62:cab:
79	Anhydrite	HM:A m m a	#63:cab:	#63:cab:
80	Ankerite	HM:R -3	#148:h:	#148:h:
81	Annabergite	HM:C 1 2/m 1	#12:b1:	#12:b1:
82	Annite	HM:C 1 2/m 1	#12:b1:	#12:b1:
83	Anorthite	HM:C -1	#	#2:
84	Antarcticite	HM:P 3 2 1	#150:	#150:
85	Anthonyite	?
86	Anthophyllite	HM:P n m a	#62:	#62:
87	Antigorite	HM:P 1 m 1	#6:b:	#6:b:
88	Antitaenite	?
89	Antlerite	HM:P n m a	#62:	#62:
90	Antozonite	?
91	Anyolite	?
92	Apachite	?
93	Apatite	?
94	Aphthitalite	HM:P -3 m 1	#164:	#164:
95	Apophyllite	HM:P 4/m n c	#128:	#128:
96	Aragonite	HM:P m c n	#62:bca:	#62:bca:
97	Arcanite	HM:P n a m	#62:a-cb:	#62:a-cb:
98	Archerite	HM:F -4 d 2	#	#43:
99	Arctite	HM:R -3 m	#166:r:	#166:r:
100	Arcubisite	?
101	Ardaite	?
102	Arfvedsonite	HM:C 1 2/m 1	#12:b1:	#12:b1:
103	Argentite	?
104	Argutite	HM:P 42/m n m	#136:	#136:
105	Argyrodite	HM:P n a 21	#33:	#33:
106	Armalcolite	HM:B b m m	#63:bca:	#63:bca:
107	Arseniosiderite	?
108	Arsenoclasite	HM:P 21 21 21	#19:	#19:
109	Arsenolite	HM:F d 3 m	#227:2:	#227:2:
110	Arsenopyrite	HM:P -1	#2:	#2:
111	Arthurite	HM:P 1 21/c 1	#14:b1:	#14:b1:
112	Artinite	HM:C 1 2/m 1	#12:b1:	#12:b1:
113	Artroeite	HM:P -1	#2:	#2:
114	Ashburtonite	HM:I 4/m	#87:	#87:
115	Ashoverite	?
116	Asisite	HM:I 4/m m m	#139:	#139:
117	Astrophyllite	HM:P -1	#2:	#2:
118	Atacamite	HM:P n a m	#62:a-cb:	#62:a-cb:
119	Athabascaite	?
120	Atheneite	HM:P -6 2 m	#189:	#189:
121	Aubertite	HM:P -1	#2:	#2:
122	Auerlite	?
123	Augelite	HM:C 1 2/m 1	#12:b1:	#12:b1:
124	Augite	HM:C 1 2/c 1	#15:b1:	#15:b1:
125	Aurichalcite	HM:P 1 21/m 1	#11:b:	#11:b:
126	Aurostibite	HM:P a 3	#205:	#205:
127	Austinite	HM:P 21 21 21	#19:	#19:
128	Autunite	HM:P n m a	#62:	#62:
129	Avalite	?
130	Avicennite	HM:I 21 3	#199:	#199:
131	Avogadrite	HM:P n m a	#62:	#62:
132	Awaruite	HM:F m 3 m	#225:	#225:
133	Axinite	?
134	Azurite	HM:P 1 21/c 1	#14:b1:	#14:b1:
135	Babefphite	HM:F d d 2	#43:	#43:
136	Babingtonite	HM:P -1	#2:	#2:
137	Baddeleyite	HM:P 1 21/c 1	#14:b1:	#14:b1:
138	Bakerite	HM:P 1 21/c 1	#14:b1:	#14:b1:
139	Balangeroite	?
140	Banalsite	HM:I b a 2	#45:	#45:
141	Bannisterite	HM:A 1 2/a 1	#15:-b1:	#15:-b1:
142	Baotite	HM:I 41/a	#88:2:	#88:2:
143	Bararite	HM:P -3 m 1	#164:	#164:
144	Baratovite	HM:C 1 2/c 1	#15:b1:	#15:b1:
145	Barbertonite	HM:P 63/m m c	#194:	#194:
146	Barrerite	HM:A m m a	#63:cab:	#63:cab:
147	Barstowite	HM:P 1 21/m 1	#11:b:	#11:b:
148	Barytocalcite	HM:P 1 21 1	#4:b:	#4:b:
149	Bassanite	HM:I 1 2 1	#5:b3:	#5:b3:
150	Baumhauerite	HM:P 1 -1 1	#2:	#2:
151	Bauxite	?
152	Bayldonite	HM:C 1 2/c 1	#15:b1:	#15:b1:
153	Bayleyite	HM:P 1 21/a 1	#14:b3:	#14:b3:
154	Bazzite	HM:P 6/m c c	#192:	#192:
155	Beckerite	?
156	Becquerelite	HM:P n 21 a	#33:a-cb:	#33:a-cb:
157	Benitoite	HM:P -6 c 2	#188:	#188:
158	Benstonite	HM:R -3	#148:h:	#148:h:
159	Bentonite	?
160	Bentorite	?
161	Beraunite	HM:C 1 2/c 1	#15:b1:	#15:b1:
162	Berborite	HM:P 3 2 1	#150:	#150:
163	Bergenite	HM:P 1 21/c 1	#14:b1:	#14:b1:
164	Berlinite	HM:P 31 2 1	#152:	#152:
165	Berryite	HM:P 1 21/m 1	#11:b:	#11:b:
166	Berthierite	HM:P n a m	#62:a-cb:	#62:a-cb:
167	Bertrandite	HM:C m c 21	#36:	#36:
168	Beryl#Goshenite	?
169	Beryllonite	HM:P 1 21/n 1	#14:b2:	#14:b2:
170	Beudantite	HM:R -3 m	#166:h:	#166:h:
171	Bicchulite	HM:I -4 3 m	#217:	#217:
172	Biehlite	HM:C 1 2/c 1	#15:b1:	#15:b1:
173	Bilibinskite	?
174	Billietite	HM:P b n 21	#33:ba-c:	#33:ba-c:
175	Billwiseite	HM:C 1 2/c 1	#15:b1:	#15:b1:
176	Biotite	HM:P -1	#2:	#2:
177	Birnessite	HM:C 1 2/m 1	#12:b1:	#12:b1:
178	Bischofite	HM:C 1 2/m 1	#12:b1:	#12:b1:
179	Bismite	HM:P 1 21/c 1	#14:b1:	#14:b1:
180	Bismuthinite	HM:P n m a	#62:	#62:
181	Bismutite	HM:I m m 2	#44:	#44:
182	Bityite	HM:C 1 c 1	#9:b1:	#9:b1:
183	Bixbite	?
184	Bixbyite	HM:I a 3	#206:	#206:
185	Blossite	HM:F d d 2	#43:	#43:
186	Bobfergusonite	HM:P 1 21/n 1	#14:b2:	#14:b2:
187	Boehmite	?
188	Boleite	HM:P m -3 m	#221:	#221:
189	Boltwoodite	HM:P 1 21 1	#4:b:	#4:b:
190	Bonaccordite	HM:P b a m	#55:	#55:
191	Boracite	HM:F -4 3 c	#219:	#219:
192	Bornite	HM:F 2 3	#196:	#225:
193	Botallackite	HM:P 1 21/m 1	#11:b:	#11:b:
194	Boulangerite	HM:B b 21 m	#36:bca:	#26:bca:
195	Bournonite	HM:P n 21 m	#31:bca:	#31:bca:
196	Boussingaultite	HM:P 1 21/a 1	#14:b3:	#14:b3:
197	Bowenite	?
198	Bowieite	HM:P b c n	#60:	#60:
199	Braggite	HM:P 42/m	#84:	#84:
200	Brammallite	?
201	Brassite	HM:P b c a	#61:	#61:
202	Braunite	HM:I 41/a c d	#142:2:	#142:2:
203	Brazilianite	HM:P 1 21/n 1	#14:b2:	#14:b2:
204	Breithauptite	HM:P 63 m c	#186:	#194:
205	Brewsterite	?
206	Brezinaite	HM:I 1 2/m 1	#12:b3:	#12:b3:
207	Brianite	HM:P 1 21/c 1	#14:b1:	#14:b1:
208	Brianyoungite	?
209	Briartite	HM:I -4 2 m	#121:	#121:
210	Bridgmanite	HM:P b n m	#62:cab:	#62:cab:
211	Brochantite	HM:P 1 21/a 1	#14:b3:	#14:b3:
212	Brockite	?
213	Brokenhillite	?
214	Bromargyrite	HM:F m 3 m	#225:	#225:
215	Bromellite	HM:P 63 m c	#186:	#186:
216	Bronzite	?
217	Brookite	HM:P b c a	#61:	#61:
218	Brownleeite	HM:P 21 3	#198:	#198:
219	Brownmillerite	HM:I 2 m b	#46:cab:	#46:cab:
220	Brucite	HM:P -3 m 1	#164:	#164:
221	Brushite	HM:I 1 a 1	#9:b3:	#9:b3:
222	Buddingtonite	HM:C 1 2/m 1	#12:b1:	#12:b1:
223	Buergerite	?
224	Bukovite	HM:I 4/m m m	#139:	#139:
225	Bukovskyite	HM:P -1	#2:	#2:
226	Bultfonteinite	HM:P -1	#2:	#2:
227	Bunsenite	HM:F m 3 m	#225:	#225:
228	Bursaite	?
229	Bustamite	HM:I -1	#	#2:
230	Bystrite	HM:P 3 1 c	#159:	#159:
231	Bytownite	HM:I -1	#	#2:
232	Cabalzarite	HM:C 1 2/m 1	#12:b1:	#12:b1:
233	Cabriite	?
234	Cacoxenite	HM:P 63/m	#176:	#176:
235	Cadmoindite	HM:F d -3 m	#227:1:	#227:1:
236	Cadmoselite	HM:P 63 m c	#186:	#186:
237	Cadwaladerite	?
238	Cafarsite	HM:P n 3	#201:2:	#201:2:
239	Cafetite	HM:P 1 21/n 1	#14:b2:	#14:b2:
240	Cahnite	HM:I -4	#82:	#82:
241	Calaverite	HM:C 1 2/m 1	#12:b1:	#12:b1:
242	Calciborite	HM:P c c n	#56:	#56:
243	Calcite	HM:R -3 c	#167:h:	#167:h:
244	Calderite	HM:I a 3 d	#230:	#230:
245	Caledonite	HM:P m n 21	#31:	#31:
246	Calumetite	?
247	Campigliaite	HM:C 1 2 1	#5:b1:	#5:b1:
248	Campylite	?
249	Canasite	?
250	Canavesite	?
251	Cancrinite	HM:P 63	#173:	#173:
252	Canfieldite	HM:F -4 3 m	#216:	#216:
253	Carletonite	HM:P 4/m b m	#127:	#127:
254	Carlosruizite	HM:P -3 c 1	#165:	#165:
255	Carlsbergite	HM:F m 3 m	#225:	#225:
256	Carminite	HM:C c c m	#66:	#66:
257	Carnallite	HM:P n n a	#52:	#52:
258	Carnotite	HM:P 1 21/c 1	#14:b1:	#14:b1:
259	Carobbiite	HM:F m 3 m	#225:	#225:
260	Carpathite	HM:P 1 21/a 1	#14:b3:	#14:b3:
261	Carpholite	HM:C c c a	#68:2:	#68:2:
262	Carrollite	HM:F d 3 m	#227:1:	#227:1:
263	Caryopilite	?
264	Cassiterite	HM:P 42/m n m	#136:	#136:
265	Cattierite	HM:P a 3	#205:	#205:
266	Cavansite	HM:P c m n	#62:-cba:	#62:-cba:
267	Celadonite	HM:C 1 2/m 1	#12:b1:	#12:b1:
268	Cementite	HM:P b n m	#62:cab:	#62:cab:
269	Cerite	?
270	Cerussite	HM:P m c n	#62:bca:	#62:bca:
271	Cervandonite	?
272	Cervantite	HM:P n a 21	#33:	#33:
273	Cesanite	HM:P -6	#174:	#174:
274	Cesbronite	?
275	Ceylonite	?
276	Chabazite	?
277	Chaidamuite	?
278	Chalcanthite	HM:P -1	#2:	#2:
279	Chalcocite	HM:F m 3 m	#225:	#225:
280	Chalconatronite	HM:P 1 21/n 1	#14:b2:	#14:b2:
281	Chalcophyllite	HM:R -3	#148:h:	#148:h:
282	Chalcopyrite	HM:I -4 2 d	#122:	#122:
283	Challacolloite	HM:P 1 21/c 1	#14:b1:	#14:b1:
284	Chambersite	HM:P c a 21	#29:	#29:
285	Chamosite	HM:C -1	#	#2:
286	Changbaiite	HM:R 3 m	#160:h:	#160:h:
287	Chaoite	?
288	Chapmanite	HM:C 1 m 1	#8:b1:	#8:b1:
289	Charlesite	?
290	Charoite	HM:P 1 21/m 1	#11:b:	#11:b:
291	Chatkalite	?
292	Chesterite	HM:A 21 m a	#36:cab:	#36:cab:
293	Chiastolite	?
294	Chibaite	?
295	Childrenite	HM:B b a 2	#41:ba-c:	#41:ba-c:
296	Chiolite	HM:P 4/m n c	#128:	#128:
297	Chlorargyrite	HM:F m 3 m	#225:	#225:
298	Chlorastrolite	?
299	Chlormayenite	HM:I -4 3 d	#220:	#220:
300	Chlorocalcite	?
301	Chloroxiphite	HM:P 1 21/m 1	#11:b:	#11:b:
302	Chondrodite	HM:P 21/b 1 1	#14:a1:	#14:a1:
303	Chrisstanleyite	HM:P 1 21/c 1	#14:b1:	#14:b1:
304	Christite	HM:P 1 21/n 1	#14:b2:	#14:b2:
305	Chromite	HM:F d 3 m	#227:2:	#227:2:
306	Chvaleticeite	?
307	Clarkeite	HM:R -3 m	#166:h:	#166:h:
308	Claudetite	HM:P 1 21/n 1	#14:b2:	#14:b2:
309	Clausthalite	HM:F m 3 m	#225:	#225:
310	Clearcreekite	?
311	Cleusonite	?
312	Cleveite	?
313	Clinohedrite	HM:C 1 c 1	#9:b1:	#9:b1:
314	Clinohumite	HM:P 21/b 1 1	#14:a1:	#14:a1:
315	Clinoptilolite	?
316	Clinozoisite	HM:P 1 21/m 1	#11:b:	#11:b:
317	Clintonite	HM:C 1 2/m 1	#12:b1:	#12:b1:
318	Cobaltite	HM:P c a 21	#29:	#29:
319	Coccinite	HM:P 42/n m c	#137:2:	#137:2:
320	Coconinoite	?
321	Coesite	HM:C 1 2/c 1	#15:b1:	#15:b1:
322	Coffinite	HM:I 41/a m d	#141:1:	#141:1:
323	Cohenite	HM:P n m a	#62:	#62:
324	Colemanite	HM:P 1 21/a 1	#14:b3:	#14:b3:
325	Colimaite	?
326	Collinsite	HM:P -1	#2:	#2:
327	Coloradoite	HM:F -4 3 m	#216:	#216:
328	Columbite	HM:P n c a	#60:cab:	#60:cab:
329	Combeite	HM:R -3 m	#166:h:	#166:h:
330	Conichalcite	HM:P 21 21 21	#19:	#19:
331	Connellite	HM:P -6 2 c	#190:	#190:
332	Copiapite	?
333	Corderoite	HM:I 21 3	#199:	#199:
334	Cordierite	HM:C c c m	#66:	#66:
335	Corkite	HM:R 3 m	#160:h:	#160:h:
336	Cornubite	HM:P -1	#2:	#2:
337	Cornwallite	HM:P 1 21/c 1	#14:b1:	#14:b1:
338	Cotunnite	HM:P b n m	#62:cab:	#62:cab:
339	Covellite	HM:P 63/m m c	#194:	#194:
340	Coyoteite	?
341	Creedite	HM:C 1 2/c 1	#15:b1:	#15:b1:
342	Cristobalite	HM:P 41 21 2	#92:	#92:
343	Crocidolite	?
344	Crocoite	HM:P 1 21/n 1	#14:b2:	#14:b2:
345	Cronstedtite	HM:R 3	#146:h:	#160:h:
346	Crookesite	HM:I 4/m	#87:	#87:
347	Crossite	?
348	Cryolite	HM:P 1 21/n 1	#14:b2:	#14:b2:
349	Cubanite	HM:P c m n	#62:-cba:	#62:-cba:
350	Cumengeite	HM:I 4/m m m	#139:	#139:
351	Cummingtonite	HM:C 1 2/m 1	#12:b1:	#12:b1:
352	Cupalite	HM:I 1 2/m 1	#12:b3:	#12:b3:
353	Cuprite	HM:P n 3	#201:1:	#224:1:
354	Cuprosklodowskite	HM:P -1	#2:	#2:
355	Curite	HM:P n a m	#62:a-cb:	#62:a-cb:
356	Cyanotrichite	?
357	Cylindrite	?
358	Cymrite	HM:P 1 21 1	#4:b:	#4:b:
359	Cyrilovite	HM:P 41 21 2	#92:	#92:
360	Danalite	HM:P -4 3 n	#218:	#218:
361	Danburite	HM:P n a m	#62:a-cb:	#62:a-cb:
362	Datolite	HM:P 1 21/c 1	#14:b1:	#14:b1:
363	Davemaoite	?
364	Davidite	?
365	Dawsonite	HM:I m a m	#74:a-cb:	#74:a-cb:
366	Delafossite	HM:R -3 m	#166:r:	#166:r:
367	Delessite	?
368	Delvauxite	?
369	Demesmaekerite	HM:P -1	#2:	#2:
370	Derriksite	HM:P n 21 m	#31:bca:	#31:bca:
371	Descloizite	HM:P 21 21 21	#19:	#19:
372	Diaboleite	HM:P 4 m m	#99:	#99:
373	Diadochite	?
374	Dickite	HM:C 1 c 1	#9:b1:	#9:b1:
375	Digenite	HM:R -3 m	#166:r:	#166:r:
376	Dimorphite	HM:P n m a	#62:	#62:
377	Djerfisherite	HM:P m -3 m	#221:	#221:
378	Djurleite	HM:P 1 21/n 1	#14:b2:	#14:b2:
379	Dmitryivanovite	HM:P 1 21/c 1	#14:b1:	#14:b1:
380	Domeykite	HM:I -4 3 d	#220:	#220:
381	Doyleite	HM:P -1	#2:	#2:
382	Dresserite	?
383	Drysdallite	?
384	Duftite	HM:P 21 21 21	#19:	#19:
385	Dumortierite	HM:P m c n	#62:bca:	#62:bca:
386	Dundasite	HM:P b n m	#62:cab:	#62:cab:
387	Dypingite	?
388	Dyscrasite	HM:P m m 2	#25:	#25:
389	Dzhalindite	HM:I m 3	#204:	#204:
390	Edenite	?
391	Edingtonite	HM:P -4 21 m	#113:	#113:
392	Edscottite	?
393	Efremovite	?
394	Ekanite	HM:I 4 2 2	#97:	#97:
395	Elbaite	HM:R 3 m	#160:h:	#160:h:
396	Elsmoreite	?
397	Emmonsite	HM:P -1	#2:	#2:
398	Empressite	HM:P m n b	#62:ba-c:	#62:ba-c:
399	Enargite	HM:P m n 21	#31:	#31:
400	Enstatite	HM:P b c a	#61:	#61:
401	Eosphorite	HM:C m c a	#64:	#64:
402	Ephesite	HM:C 1	#	#1:
403	Epsomite	HM:P 21 21 21	#19:	#19:
404	Ericssonite	HM:P n m n	#58:bca:	#58:bca:
405	Erionite	?
406	Erythrite	HM:C 1 2/m 1	#12:b1:	#12:b1:
407	Eskolaite	HM:R -3 c	#167:h:	#167:h:
408	Esperite	HM:P 1 21/n 1	#14:b2:	#14:b2:
409	Ettringite	HM:P 3 1 c	#159:	#159:
410	Euchroite	HM:P 21 21 21	#19:	#19:
411	Eucryptite	HM:P 64 2 2	#181:	#181:
412	Eveite	HM:P n n m	#58:	#58:
413	Evenkite	?
414	Eveslogite	?
415	Fabianite	HM:P 1 21/a 1	#14:b3:	#14:b3:
416	Farneseite	HM:P 63/m	#176:	#176:
417	Fassaite	HM:C 1 2/c 1	#15:b1:	#15:b1:
418	Faujasite	?
419	Faustite	HM:P -1	#2:	#2:
420	Fayalite	HM:P b n m	#62:cab:	#62:cab:
421	Ferberite	HM:P 1 2/c 1	#13:b1:	#13:b1:
422	Fergusonite	?
423	Ferrierite	?
424	Ferrihydrite	HM:P 3	#143:	#187:
425	Ferrimolybdite	?
426	Ferro-actinolite	?
427	Ferrocolumbite	HM:P b c n	#60:	#60:
428	Ferrogedrite	?
429	Ferrohortonolite	?
430	Ferroselite	HM:P n n m	#58:	#58:
431	Ferrotantalite	?
432	Fettelite	HM:C 1 2 1	#5:b1:	#5:b1:
433	Fichtelite	HM:P 1 21 1	#4:b:	#4:b:
434	Fingerite	HM:P -1	#2:	#2:
435	Fletcherite	?
436	Fluckite	HM:P -1	#2:	#2:
437	Fluellite	HM:F d d d	#70:2:	#70:2:
438	Fluoborite	HM:P 63/m	#176:	#176:
439	Fluocerite	?
440	Fluor-buergerite	?
441	Fluor-liddicoatite	?
442	Fluor-uvite	?
443	Fluorapatite	HM:P 63/m	#176:	#176:
444	Fluorapophyllite	HM:P 4/m n c	#128:	#128:
445	Fluorcanasite	HM:C 1 m 1	#8:b1:	#8:b1:
446	Fluorcaphite	HM:P 63	#173:	#173:
447	Fluorellestadite	HM:P 63/m	#176:	#176:
448	Fluorite	HM:F m 3 m	#225:	#225:
449	Fluororichterite	?
450	Fornacite	HM:P 1 21/c 1	#14:b1:	#14:b1:
451	Forsterite	HM:P b n m	#62:cab:	#62:cab:
452	Fourmarierite	HM:B b 21 m	#36:bca:	#36:bca:
453	Fraipontite	?
454	Francevillite	HM:P c a n	#60:ba-c:	#60:ba-c:
455	Franckeite	HM:C -1	#	#2:
456	Francolite	?
457	Frankamenite	HM:P 1	#1:	#1:
458	Frankdicksonite	HM:F m 3 m	#225:	#225:
459	Frankhawthorneite	HM:P 1 21/n 1	#14:b2:	#14:b2:
460	Franklinite	HM:F d 3 m	#227:2:	#227:2:
461	Franklinphilite	?
462	Freibergite	HM:I -4 3 m	#217:	#217:
463	Freieslebenite	HM:P 1 21/a 1	#14:b3:	#14:b3:
464	Fukuchilite	HM:P a 3	#205:	#205:
465	Gabrielite	HM:P -1	#2:	#2:
466	Gadolinite	?
467	Gahnite	HM:F d 3 m	#227:2:	#227:2:
468	Galaxite	HM:F d 3 m	#227:2:	#227:2:
469	Galkhaite	HM:I -4 3 m	#217:	#217:
470	Gananite	HM:P -4 3 m	#215:	#215:
471	Ganophyllite	HM:I 1 2/a 1	#15:b3:	#15:b3:
472	Garnierite	?
473	Gaspeite	HM:R -3 c	#167:h:	#167:h:
474	Gatehouseite	HM:P 21 21 21	#19:	#19:
475	Gaylussite	HM:C 1 2/c 1	#15:b1:	#15:b1:
476	Gedanite	?
477	Gedrite	HM:P n m a	#62:	#62:
478	Geerite	?
479	Gehlenite	HM:P -4 21 m	#113:	#113:
480	Geigerite	HM:P -1	#2:	#2:
481	Geikielite	HM:R -3	#148:h:	#148:h:
482	Geocronite	HM:P 1 21/m 1	#11:b:	#11:b:
483	Georgerobinsonite	HM:P m m n	#59:2:	#59:2:
484	Germanite	HM:P -4 3 n	#218:	#218:
485	Gersdorffite	?
486	Getchellite	HM:P 1 21/a 1	#14:b3:	#14:b3:
487	Gibbsite	HM:P 1 21/n 1	#14:b2:	#14:b2:
488	Gilalite	?
489	Glauberite	HM:C 1 2/c 1	#15:b1:	#15:b1:
490	Glaucochroite	HM:P b n m	#62:cab:	#62:cab:
491	Glauconite	HM:C 1 2/m 1	#12:b1:	#12:b1:
492	Glessite	?
493	Gmelinite	?
494	Godovikovite	?
495	Goethite	HM:P n m a	#62:	#62:
496	Goldmanite	HM:I a -3 d	#230:	#230:
497	Gonnardite	HM:I -4 2 d	#122:	#122:
498	Gordaite	HM:P -3	#147:	#147:
499	Gormanite	HM:P -1	#2:	#2:
500	Goslarite	HM:P 21 21 21	#19:	#19:
501	Graftonite	HM:P 1 21/c 1	#14:b1:	#14:b1:
502	Grandidierite	HM:P b n m	#62:cab:	#62:cab:
503	Grandreefite	HM:A 1 2/a 1	#15:-b1:	#15:-b1:
504	Graphite	HM:F m m m	#69:	#69:
505	Gratonite	HM:R 3 m	#160:h:	#160:h:
506	Greenalite	HM:C 1 2/m 1	#12:b1:	#12:b1:
507	Greenockite	HM:P 63 m c	#186:	#186:
508	Gregoryite	?
509	Greifensteinite	HM:C 1 2/c 1	#15:b1:	#15:b1:
510	Greigite	HM:F d 3 m	#227:2:	#227:2:
511	Grossite	HM:C 1 2/c 1	#15:b1:	#15:b1:
512	Groutite	HM:P b n m	#62:cab:	#62:cab:
513	Grunerite	HM:C 1 2/m 1	#12:b1:	#12:b1:
514	Guettardite	HM:P 1 21/c 1	#14:b1:	#14:b1:
515	Gugiaite	HM:P -4 21 m	#113:	#113:
516	Guilleminite	HM:P 21 n m	#31:-cba:	#31:-cba:
517	Gunningite	HM:C 1 2/c 1	#15:b1:	#15:b1:
518	Guyanaite	HM:P 21 n m	#31:-cba:	#31:-cba:
519	Gwihabaite	HM:P 42	#77:	#77:
520	Hagendorfite	HM:C 1 2/c 1	#15:b1:	#15:b1:
521	Haggertyite	HM:P 63/m m c	#194:	#194:
522	Haidingerite	HM:P c n b	#60:a-cb:	#60:a-cb:
523	Haiweeite	HM:P b c n	#60:	#60:
524	Halite	HM:F m 3 m	#225:	#225:
525	Halloysite	?
526	Halotrichite	HM:P 1 21/c 1	#14:b1:	#14:b1:
527	Hambergite	HM:P b c a	#61:	#61:
528	Hanksite	HM:P 63/m	#176:	#176:
529	Hapkeite	HM:P m 3 m	#221:	#221:
530	Hardystonite	HM:P -4 21 m	#113:	#113:
531	Hatchettite	?
532	Hauerite	HM:P a 3	#205:	#205:
533	Hausmannite	HM:I 41/a m d	#141:2:	#141:2:
534	Hawleyite	HM:F -4 3 m	#216:	#216:
535	Haxonite	?
536	Hazenite	HM:P m n b	#62:ba-c:	#62:ba-c:
537	Heazlewoodite	HM:R 3 2	#155:r:	#155:r:
538	Hectorite	?
539	Hedenbergite	HM:C 1 2/c 1	#15:b1:	#15:b1:
540	Hellyerite	?
541	Hematite	HM:R -3 c	#167:h:	#167:h:
542	Hemihedrite	HM:P -1	#2:	#2:
543	Hemimorphite	HM:I m m 2	#44:	#44:
544	Hemusite	?
545	Hendricksite	HM:C 1 2/m 1	#12:b1:	#12:b1:
546	Heptasartorite	?
547	Herbertsmithite	HM:R -3 m	#166:h:	#166:h:
548	Hercynite	HM:F d 3 m	#227:2:	#227:2:
549	Herderite	HM:P 1 21/a 1	#14:b3:	#14:b3:
550	Hermannjahnite	?
551	Hessite	HM:P 1 21/c 1	#14:b1:	#14:b1:
552	Hessonite	?
553	Heulandite	HM:C 1 m 1	#8:b1:	#8:b1:
554	Hibonite	HM:P 63/m m c	#194:	#194:
555	Hidalgoite	?
556	Hiddenite	?
557	Hilgardite	HM:A 1 a 1	#9:-b1:	#9:-b1:
558	Hisingerite	?
559	Hodgkinsonite	HM:P 1 21/a 1	#14:b3:	#14:b3:
560	Hoelite	HM:P 1 21/a 1	#14:b3:	#14:b3:
561	Hollandite	HM:I 1 2/m 1	#12:b3:	#12:b3:
562	Holmquistite	HM:P n m a	#62:	#62:
563	Homilite	HM:P 1 21/a 1	#14:b3:	#14:b3:
564	Hopeite	HM:P n m a	#62:	#62:
565	Howlite	HM:P 1 21/c 1	#14:b1:	#14:b1:
566	Hsianghualite	HM:I 21 3	#199:	#199:
567	Hubeite	HM:P -1	#2:	#2:
568	Huemulite	HM:P -1	#2:	#2:
569	Humite	HM:P b n m	#62:cab:	#62:cab:
570	Huntite	HM:R 3 2	#155:h:	#155:h:
571	Hureaulite	HM:C 1 2/c 1	#15:b1:	#15:b1:
572	Hutchinsonite	HM:P b c a	#61:	#61:
573	Huttonite	HM:P 1 21/n 1	#14:b2:	#14:b2:
574	Hyalite	?
575	Hydroboracite	HM:P 1 2/c 1	#13:b1:	#13:b1:
576	Hydrohalite	HM:P 1 21/c 1	#14:b1:	#14:b1:
577	Hydrokenoelsmoreite	HM:F d 3 m	#227:2:	#227:2:
578	Hydromagnesite	HM:P 1 21/c 1	#14:b1:	#14:b1:
579	Hydrotalcite	HM:R -3 m	#166:h:	#166:h:
580	Hydroxylapatite	HM:P 63/m	#176:	#176:
581	Hydrozincite	HM:C 1 2/m 1	#12:b1:	#12:b1:
582	Ianbruceite	HM:P 1 21/c 1	#14:b1:	#14:b1:
583	Ichnusaite	HM:P 1 21/c 1	#14:b1:	#14:b1:
584	Icosahedrite	?
585	Idrialite	?
586	Ikaite	HM:C 1 2/c 1	#15:b1:	#15:b1:
587	Illite	HM:C 1 2/m 1	#12:b1:	#12:b1:
588	Ilmenite	HM:R -3	#148:h:	#148:h:
589	Ilvaite	HM:P 1 21/a 1	#14:b3:	#14:b3:
590	Imogolite	?
591	Inderite	HM:P 1 21/c 1	#14:b1:	#14:b1:
592	Indite	HM:F d -3 m	#227:1:	#227:1:
593	Inyoite	HM:P 1 21/a 1	#14:b3:	#14:b3:
594	Iodargyrite	HM:P 63 m c	#186:	#186:
595	Iolite	?
596	Iranite	HM:P -1	#2:	#2:
597	Ixiolite	HM:P c a n	#60:ba-c:	#60:ba-c:
598	Jacobsite	HM:F d 3 m	#227:2:	#227:2:
599	Jadarite	HM:P 1 21/c 1	#14:b1:	#14:b1:
600	Jadeite	HM:C 1 2/c 1	#15:b1:	#15:b1:
601	Jaffeite	HM:P 3	#143:	#143:
602	Jalpaite	HM:I 41/a m d	#141:2:	#141:2:
603	Jamesonite	HM:P 1 21/a 1	#14:b3:	#14:b3:
604	Janggunite	?
605	Jarosewichite	?
606	Jarosite	HM:R -3 m	#166:h:	#166:h:
607	Jeffersonite	?
608	Jennite	HM:P -1	#2:	#2:
609	Jeremejevite	HM:P 63/m	#176:	#176:
610	Jerrygibbsite	HM:P b n 21	#33:ba-c:	#33:ba-c:
611	Jimthompsonite	HM:P b c a	#61:	#61:
612	Johannite	HM:P -1	#2:	#2:
613	Jolliffeite	HM:P 21 3	#198:	#198:
614	Jonesite	HM:P 1 21/m 1	#11:b:	#11:b:
615	Jordanite	HM:P 1 21/m 1	#11:b:	#11:b:
616	Julgoldite	?
617	Junitoite	HM:A b a 2	#41:	#41:
618	Jurbanite	HM:P 1 21/n 1	#14:b2:	#14:b2:
619	Kaatialaite	HM:P 1 21/n 1	#14:b2:	#14:b2:
620	Kadyrelite	?
621	Kaersutite	HM:C 1 2/m 1	#12:b1:	#12:b1:
622	Kainite	HM:C 1 2/m 1	#12:b1:	#12:b1:
623	Kalininite	HM:F d 3 m	#227:2:	#227:2:
624	Kalinite	?
625	Kalsilite	HM:P 3 1 c	#159:	#159:
626	Kamacite	?
627	Kambaldaite	HM:P 63	#173:	#173:
628	Kamiokite	HM:P 63 m c	#186:	#186:
629	Kampfite	HM:C 1 c 1	#9:b1:	#9:b1:
630	Kanoite	HM:P 1 21/c 1	#14:b1:	#14:b1:
631	Kaolinite	HM:C 1 c 1	#9:b1:	#9:b1:
632	Karlite	HM:P 21 21 2	#18:	#18:
633	Katayamalite	HM:C 1 2/c 1	#15:b1:	#15:b1:
634	Kazakovite	HM:R -3 m	#166:r:	#166:r:
635	Kegelite	?
636	Keilhauite	?
637	Keilite	HM:F m 3 m	#225:	#225:
638	Kenhsuite	HM:A 2 m m	#35:cab:	#35:cab:
639	Kermesite	HM:F 1 -1 1	#	#2:
640	Kernite	HM:P 1 21/c 1	#14:b1:	#14:b1:
641	Kerolite	?
642	Kesterite	HM:I -4	#82:	#82:
643	Keyite	HM:I 1 2/a 1	#15:b3:	#15:b3:
644	Khatyrkite	HM:I 4/m c m	#140:	#140:
645	Kieserite	HM:C 1 2/c 1	#15:b1:	#15:b1:
646	Kinoite	HM:P 1 21/m 1	#11:b:	#11:b:
647	Kleinite	HM:P 63/m m c	#194:	#194:
648	Knebelite	?
649	Knorringite	HM:I a -3 d	#230:	#230:
650	Kobellite	HM:P n n m	#58:	#58:
651	Kochite	HM:P -1	#2:	#2:
652	Kogarkoite	HM:R 3 m	#160:r:	#160:r:
653	Kolbeckite	HM:P 1 21/n 1	#14:b2:	#14:b2:
654	Kostovite	?
655	Kovdorskite	HM:P 1 21/a 1	#14:b3:	#14:b3:
656	Krantzite	?
657	Kremersite	HM:P n m a	#62:	#62:
658	Krennerite	HM:P m a 2	#28:	#28:
659	Krieselite	HM:P b n m	#62:cab:	#62:cab:
660	Krotite	HM:P 1 21/n 1	#14:b2:	#14:b2:
661	Krutovite	HM:P a 3	#205:	#205:
662	Kunzite	?
663	Kuratite	?
664	Kurnakovite	HM:P -1	#2:	#2:
665	Kutnohorite	HM:R -3 c	#167:h:	#167:h:
666	Kyanite	HM:P -1	#2:	#2:
667	Labradorite	HM:C -1	#	#2:
668	Lanarkite	HM:C 1 2/m 1	#12:b1:	#12:b1:
669	Langbeinite	HM:P 21 3	#198:	#198:
670	Langite	HM:P 1 c 1	#7:b1:	#7:b1:
671	Lansfordite	HM:P 1 21/c 1	#14:b1:	#14:b1:
672	Lanthanite	?
673	Larnite	HM:P 1 21/n 1	#14:b2:	#14:b2:
674	Laumontite	HM:C 1 2/m 1	#12:b1:	#12:b1:
675	Laurionite	HM:P c m n	#62:-cba:	#62:-cba:
676	Laurite	HM:P a 3	#205:	#205:
677	Lautenthalite	?
678	Lautite	HM:P n a 21	#33:	#33:
679	Lawsonite	HM:C c m m	#63:ba-c:	#63:ba-c:
680	Lazulite	HM:P 1 21/c 1	#14:b1:	#14:b1:
681	Lazurite	HM:P -4 3 n	#218:	#218:
682	Leadhillite	HM:P 1 21/a 1	#14:b3:	#14:b3:
683	Legrandite	HM:P 1 21/c 1	#14:b1:	#14:b1:
684	Leifite	HM:P -3 m 1	#164:	#164:
685	Leightonite	HM:C 1 2/c 1	#15:b1:	#15:b1:
686	Lepidocrocite	HM:B b m m	#63:bca:	#63:bca:
687	Lepidolite	HM:C 1 c 1	#9:b1:	#9:b1:
688	Letovicite	HM:C 1 2/c 1	#15:b1:	#15:b1:
689	Leucite	HM:I 41/a	#88:2:	#88:2:
690	Leucophanite	HM:P 21 21 21	#19:	#19:
691	Leucophoenicite	HM:P 1 21/a 1	#14:b3:	#14:b3:
692	Libethenite	HM:P n n m	#58:	#58:
693	Liebigite	HM:B b a 2	#41:ba-c:	#41:ba-c:
694	Lignite	?
695	Linarite	HM:P 1 21/m 1	#11:b:	#11:b:
696	Lindgrenite	HM:P 1 21/n 1	#14:b2:	#14:b2:
697	Linnaeite	HM:F d 3 m	#227:1:	#227:1:
698	Lipscombite	HM:P 43 21 2	#96:	#96:
699	Liroconite	HM:I 1 2/a 1	#15:b3:	#15:b3:
700	Lithiophilite	HM:P b n m	#62:cab:	#62:cab:
701	Livingstonite	HM:A 1 2/a 1	#15:-b1:	#15:-b1:
702	Lizardite	HM:P 3 1 m	#157:	#157:
703	Loellingite	?
704	Lonsdaleite	HM:P 63/m m c	#194:	#194:
705	Lorenzenite	HM:P b c n	#60:	#60:
706	Loveringite	HM:R -3	#148:r:	#148:r:
707	Lublinite	?
708	Ludlamite	HM:P 1 21/a 1	#14:b3:	#14:b3:
709	Ludwigite	HM:P b a m	#55:	#55:
710	Lulzacite	HM:P -1	#2:	#2:
711	Lyonsite	HM:P m c n	#62:bca:	#62:bca:
712	Macaulayite	?
713	Macdonaldite	HM:C m c m	#63:	#63:
714	Mackinawite	HM:P 4/n m m	#129:1:	#129:1:
715	Madocite	?
716	Magadiite	HM:C 1 2/m 1	#12:b1:	#12:b1:
717	Maghemite	HM:F d 3 m	#227:2:	#227:2:
718	Magnesiocummingtonite	?
719	Magnesioferrite	HM:F d 3 m	#227:2:	#227:2:
720	Magnesiohastingsite	?
721	Magnesiopascoite	HM:C 1 2/m 1	#12:b1:	#12:b1:
722	Magnesite	HM:R -3 c	#167:h:	#167:h:
723	Magnetite	HM:F d 3 m	#227:2:	#227:2:
724	Majorite	HM:I 41/a	#	#15:c3:
725	Malachite	HM:P 1 21/a 1	#14:b3:	#14:b3:
726	Malacolite	?
727	Malayaite	HM:A 1 2/a 1	#15:b2:	#15:b2:
728	Manganite	HM:B 1 21/d 1	#	#2:
729	Manganocolumbite	HM:P b c n	#60:	#60:
730	Manganophyllite	?
731	Manganosite	HM:F m 3 m	#225:	#225:
732	Manganotantalite	HM:P b c n	#60:	#60:
733	Manganvesuvianite	HM:P 4/n	#85:2:	#85:2:
734	Mansfieldite	HM:P b c a	#61:	#61:
735	Marcasite	HM:P m n n	#58:cab:	#58:cab:
736	Margaritasite	HM:P 1 21/a 1	#14:b3:	#14:b3:
737	Margarite	HM:C 1 c 1	#9:b1:	#9:b1:
738	Marialite	HM:I 4/m	#87:	#87:
739	Maricite	HM:P m n b	#62:ba-c:	#62:ba-c:
740	Mariposite	?
741	Marrite	HM:P 1 21/a 1	#14:b3:	#14:b3:
742	Marthozite	HM:P b n 21	#33:ba-c:	#33:ba-c:
743	Mascagnite	HM:P n a m	#62:a-cb:	#62:a-cb:
744	Masuyite	HM:P 1 n 1	#7:b2:	#7:b2:
745	Mathesiusite	HM:P 4/n	#85:1:	#85:1:
746	Matlockite	HM:P 4/n m m	#129:1:	#129:1:
747	Maucherite	HM:P 41 21 2	#92:	#92:
748	Mawsonite	HM:P -4 m 2	#115:	#115:
749	Meionite	HM:I 4/m	#87:	#87:
750	Melanite	HM:I a -3 d	#230:	#230:
751	Melanophlogite	HM:P 42/n b c	#	#50:1:
752	Melanterite	HM:P 1 21/c 1	#14:b1:	#14:b1:
753	Melilite	HM:P -4 21 m	#113:	#113:
754	Mellite	HM:I 41/a c d	#142:2:	#142:2:
755	Melonite	HM:P -3 m 1	#164:	#164:
756	Mendipite	HM:P n m a	#62:	#62:
757	Mendozite	HM:C 1 2/c 1	#15:b1:	#15:b1:
758	Meneghinite	HM:P b n m	#62:cab:	#62:cab:
759	Menilite	?
760	Mereheadite	HM:C 1 m 1	#8:b1:	#8:b1:
761	Merenskyite	HM:P -3 m 1	#164:	#164:
762	Meridianiite	HM:P -1	#2:	#2:
763	Merrillite	HM:R 3 c	#161:h:	#161:h:
764	Mesolite	HM:F d d 2	#43:	#43:
765	Messelite	HM:P -1	#2:	#2:
766	Metatorbernite	HM:P 4/n	#85:1:	#85:1:
767	Metazeunerite	HM:P 4/n	#85:2:	#85:2:
768	Meyerhofferite	HM:P -1	#2:	#2:
769	Miargyrite	HM:C 1 2/c 1	#15:b1:	#15:b1:
770	Microlite	HM:F d -3 m	#227:1:	#227:1:
771	Miguelromeroite	HM:C 1 2/c 1	#15:b1:	#15:b1:
772	Millerite	HM:R 3 m	#160:h:	#160:h:
773	Millosevichite	HM:R -3	#148:h:	#148:h:
774	Mimetite	HM:P 63/m	#176:	#176:
775	Minnesotaite	?
776	Minyulite	HM:P b a 2	#32:	#32:
777	Mirabilite	HM:P 1 21/c 1	#14:b1:	#14:b1:
778	Mixite	HM:P 63/m	#176:	#176:
779	Moganite	HM:I 1 2/a 1	#15:b3:	#15:b3:
780	Mohite	?
781	Mohrite	HM:P 1 21/a 1	#14:b3:	#14:b3:
782	Moissanite	HM:P 63 m c	#186:	#186:
783	Molybdenite	HM:P 63/m m c	#194:	#194:
784	Molybdite	HM:P b n m	#62:cab:	#62:cab:
785	Monazite	?
786	Monohydrocalcite	HM:P 31	#144:	#144:
787	Monticellite	HM:P b n m	#62:cab:	#62:cab:
788	Montmorillonite	HM:P 1	#1:	#1:
789	Mooihoekite	HM:P -4 2 m	#111:	#111:
790	Moolooite	?
791	Mordenite	HM:C m c 21	#36:	#36:
792	Morganite	?
793	Moschellandsbergite	HM:I 2 3	#197:	#197:
794	Mosesite	?
795	Mottramite	HM:P n m a	#62:	#62:
796	Motukoreaite	HM:R -3 m	#166:h:	#166:h:
797	Mullite	HM:P b a m	#55:	#55:
798	Mundite	?
799	Murdochite	HM:F m 3 m	#225:	#225:
800	Muscovite	HM:C 1 2/c 1	#15:b1:	#15:b1:
801	Musgravite	?
802	Nabalamprophyllite	HM:P n m n	#58:bca:	#58:bca:
803	Nabesite	HM:P 21 21 21	#19:	#19:
804	Nacrite	HM:C 1 c 1	#9:b1:	#9:b1:
805	Nadorite	HM:C m c m	#63:	#63:
806	Nahcolite	HM:P 1 21/c 1	#14:b1:	#14:b1:
807	Naldrettite	?
808	Nambulite	HM:P -1	#2:	#2:
809	Narsarsukite	HM:I 4/m	#87:	#87:
810	Natrolite	HM:F d d 2	#43:	#43:
811	Natrophilite	HM:P n a m	#62:a-cb:	#62:a-cb:
812	Nekrasovite	?
813	Nelenite	?
814	Nenadkevichite	HM:C 1 m 1	#8:b1:	#8:b1:
815	Nephrite	?
816	Neptunite	HM:C 1 c 1	#9:b1:	#9:b1:
817	Nichromite	HM:F d 3 m	#227:1:	#227:1:
818	Niedermayrite	HM:P 1 21/m 1	#11:b:	#11:b:
819	Niningerite	HM:F m 3 m	#225:	#225:
820	Niobite	?
821	Niobite-tantalite	?
822	Nissonite	HM:C 1 2/c 1	#15:b1:	#15:b1:
823	Nobleite	HM:P 1 21/a 1	#14:b3:	#14:b3:
824	Nontronite	HM:C 1 2/m 1	#12:b1:	#12:b1:
825	Norbergite	HM:P b n m	#62:cab:	#62:cab:
826	Normandite	HM:P 1 21/a 1	#14:b3:	#14:b3:
827	Northupite	HM:F d 3 m	#227:1:	#227:1:
828	Nsutite	?
829	Nuragheite	?
830	Nyerereite	HM:C m c 21	#36:	#36:
831	Okenite	HM:P -1	#2:	#2:
832	Oldhamite	HM:F m 3 m	#225:	#225:
833	Olgite	HM:P -3 m 1	#164:	#164:
834	Olivenite	HM:P n n m	#58:	#58:
835	Omphacite	HM:P 1 2 1	#3:b:	#3:b:
836	Oneillite	HM:R 3	#146:h:	#146:h:
837	Oosterboschite	?
838	Oppenheimerite	?
839	Oregonite	?
840	Osarizawaite	HM:R -3 m	#166:h:	#166:h:
841	Osumilite	HM:P 6/m c c	#192:	#192:
842	Otavite	HM:R -3 c	#167:h:	#167:h:
843	Ottrelite	?
844	Otwayite	?
845	Pabstite	HM:P -6 c 2	#188:	#188:
846	Painite	HM:P 63	#173:	#173:
847	Palygorskite	HM:C 1 2/m 1	#12:b1:	#12:b1:
848	Panethite	?
849	Panguite	HM:P b c a	#61:	#61:
850	Papagoite	HM:C 1 2/m 1	#12:b1:	#12:b1:
851	Paragonite	HM:C 1 2/c 1	#15:b1:	#15:b1:
852	Paralaurionite	HM:C 1 2/m 1	#12:b1:	#12:b1:
853	Paramelaconite	HM:I 41/a m d	#141:2:	#141:2:
854	Paravauxite	HM:P -1	#2:	#2:
855	Pargasite	HM:C 1 2/m 1	#12:b1:	#12:b1:
856	Parsonsite	HM:P -1	#2:	#2:
857	Pascoite	HM:C 1 2/m 1	#12:b1:	#12:b1:
858	Paulingite	?
859	Paulscherrerite	?
860	Pearceite	HM:P -3 m 1	#164:	#164:
861	Pecoraite	?
862	Pectolite	HM:P -1	#2:	#2:
863	Pelagosite	?
864	Penikisite	HM:P 1 21/m 1	#11:b:	#11:b:
865	Penroseite	HM:P a 3	#205:	#205:
866	Pentagonite	HM:C c m 21	#36:ba-c:	#36:ba-c:
867	Pentlandite	HM:F m 3 m	#225:	#225:
868	Perhamite	HM:P -3 m 1	#164:	#1:
869	Perite	HM:B m m b	#63:a-cb:	#63:a-cb:
870	Perlite	?
871	Perovskite	HM:P b n m	#62:cab:	#62:cab:
872	Petalite	HM:P 1 2/c 1	#13:b1:	#13:b1:
873	Petrovite	HM:P 1 21/c 1	#14:b1:	#14:b1:
874	Petzite	HM:I 41 3 2	#214:	#214:
875	Pezzottaite	HM:R -3 c	#167:h:	#167:h:
876	Pharmacolite	HM:I 1 a 1	#9:b3:	#9:b3:
877	Pharmacosiderite	HM:P -4 3 m	#215:	#215:
878	Phenakite	HM:R -3	#148:h:	#148:h:
879	Phengite	HM:P 31 1 2	#151:	#151:
880	Phillipsite	HM:P 1 21/m 1	#11:b:	#11:b:
881	Phlogopite	HM:C 1 m 1	#8:b1:	#8:b1:
882	Phoenicochroite	HM:C 1 2/m 1	#12:b1:	#12:b1:
883	Phosgenite	HM:P 4/m b m	#127:	#127:
884	Phosphophyllite	HM:P 1 21/c 1	#14:b1:	#14:b1:
885	Phosphorite	?
886	Phosphosiderite	HM:P 1 21/n 1	#14:b2:	#14:b2:
887	Phosphuranylite	HM:B m m b	#63:a-cb:	#63:a-cb:
888	Pickeringite	HM:P 1 21/c 1	#14:b1:	#14:b1:
889	Picropharmacolite	HM:P -1	#2:	#2:
890	Piemontite	HM:P 1 21/m 1	#11:b:	#11:b:
891	Pigeonite	HM:P 1 21/c 1	#14:b1:	#14:b1:
892	Pimelite	?
893	Pinalite	HM:A m a m	#63:-cba:	#63:-cba:
894	Pinnoite	HM:P 42/n	#86:1:	#86:1:
895	Piypite	HM:I 4	#79:	#79:
896	Plancheite	HM:P c n b	#60:a-cb:	#60:a-cb:
897	Plattnerite	HM:P n a m	#62:a-cb:	#62:a-cb:
898	Playfairite	?
899	Plessite	?
900	Plumbogummite	HM:R -3 m	#166:h:	#166:h:
901	Polarite	HM:C c m 21	#36:ba-c:	#36:ba-c:
902	Pollucite	HM:I a -3 d	#230:	#230:
903	Polybasite	HM:C 1 2/c 1	#15:b1:	#15:b1:
904	Polydymite	HM:F d 3 m	#227:1:	#227:1:
905	Polyhalite	HM:P -1	#2:	#2:
906	Portlandite	HM:P -3 m 1	#164:	#164:
907	Posnjakite	HM:P 1 a 1	#7:b3:	#7:b3:
908	Poudretteite	HM:P 6/m c c	#192:	#192:
909	Povondraite	HM:R 3 m	#160:h:	#160:h:
910	Powellite	HM:I 41/a	#88:2:	#88:2:
911	Prehnite	HM:P n c m	#53:bca:	#53:bca:
912	Proustite	HM:R 3 c	#161:r:	#161:r:
913	Pseudobrookite	HM:B b m m	#63:bca:	#63:bca:
914	Pseudomalachite	HM:P 1 21/c 1	#14:b1:	#14:b1:
915	Pseudowollastonite	HM:C 1 2/c 1	#15:b1:	#15:b1:
916	Pumpellyite	?
917	Purpurite	HM:P b n m	#62:cab:	#62:cab:
918	Putnisite	HM:P n m a	#62:	#62:
919	Pyrargyrite	HM:R 3 c	#161:r:	#161:r:
920	Pyrite	HM:P a 3	#205:	#205:
921	Pyrolusite	HM:P 42/m n m	#136:	#136:
922	Pyromorphite	HM:P 63/m	#176:	#176:
923	Pyrophanite	HM:R -3	#148:h:	#148:h:
924	Pyrophyllite	HM:C -1	#	#2:
925	Pyroxferroite	HM:P -1	#2:	#2:
926	Pyroxmangite	HM:C -1	#	#2:
927	Pyrrhotite	HM:F 1 2/d 1	#	#2:
928	Qingsongite	HM:F -4 3 m	#216:	#216:
929	Quenstedtite	HM:P -1	#2:	#2:
930	Quetzalcoatlite	HM:P -3 1 m	#162:	#162:
931	Quintinite	HM:P -6 2 m	#189:	#189:
932	Qusongite	HM:P -6 m 2	#187:	#187:
933	Rakovanite	HM:P 1 21/n 1	#14:b2:	#14:b2:
934	Rambergite	HM:P 63 m c	#186:	#186:
935	Rameauite	?
936	Rammelsbergite	HM:P n n m	#58:	#58:
937	Rapidcreekite	HM:P c n b	#60:a-cb:	#60:a-cb:
938	Rashleighite	?
939	Raslakite	HM:R 3	#146:h:	#146:h:
940	Raspite	HM:P 1 21/a 1	#14:b3:	#14:b3:
941	Rastsvetaevite	?
942	Reedmergnerite	HM:C -1	#	#2:
943	Reidite	?
944	Reinerite	HM:P b a m	#55:	#55:
945	Renierite	HM:P -4 2 c	#112:	#112:
946	Rheniite	?
947	Rhodochrosite	HM:R -3 c	#167:h:	#167:h:
948	Rhodolite	?
949	Rhodonite	HM:C -1	#	#2:
950	Rhodplumsite	?
951	Richterite	HM:C 1 2/m 1	#12:b1:	#12:b1:
952	Rickardite	HM:P 4/n m m	#129:1:	#129:1:
953	Riebeckite	?
954	Ringwoodite	HM:F d 3 m	#227:2:	#227:2:
955	Roaldite	HM:P -4 3 m	#215:	#215:
956	Robertsite	HM:A 1 a 1	#9:-b1:	#9:-b1:
957	Rodalquilarite	HM:P -1	#2:	#2:
958	Romeite	HM:F d -3 m	#227:1:	#227:1:
959	Rosasite	HM:P 1 21/a 1	#14:b3:	#14:b3:
960	Roscoelite	?
961	Roselite	HM:P 1 21/c 1	#14:b1:	#14:b1:
962	Rosenbergite	HM:P 4/n	#85:2:	#85:2:
963	Roumanite	?
964	Routhierite	HM:I -4 2 m	#121:	#121:
965	Rozenite	HM:P 1 21/n 1	#14:b2:	#14:b2:
966	Ruizite	HM:C 1 2/m 1	#12:b1:	#12:b1:
967	Russellite	HM:I 41/a m d	#141:1:	#141:1:
968	Rynersonite	HM:P n m a	#62:	#62:
969	Sabatierite	?
970	Sabieite	?
971	Sabinaite	HM:C 1 2/c 1	#15:b1:	#15:b1:
972	Sacrofanite	?
973	Safflorite	HM:P n n m	#58:	#58:
974	Saleeite	HM:P 1 21/c 1	#14:b1:	#14:b1:
975	Saliotite	?
976	Salzburgite	HM:P m c n	#62:bca:	#62:bca:
977	Sampleite	HM:P 1 21/n 1	#14:b2:	#14:b2:
978	Samuelsonite	HM:C 1 2/m 1	#12:b1:	#12:b1:
979	Sanbornite	HM:P c m n	#62:-cba:	#62:-cba:
980	Saneroite	HM:P -1	#2:	#2:
981	Santabarbaraite	?
982	Santite	HM:A b a 2	#41:	#41:
983	Saponite	?
984	Sarabauite	HM:C 1 2/c 1	#15:b1:	#15:b1:
985	Sarcolite	HM:I 4/m	#87:	#87:
986	Sarkinite	HM:P 1 21/a 1	#14:b3:	#14:b3:
987	Sassolite	HM:P -1	#2:	#2:
988	Satterlyite	HM:P 3 1 m	#157:	#157:
989	Sauconite	?
990	Sborgite	HM:C 1 2/c 1	#15:b1:	#15:b1:
991	Scapolite	HM:P 42/n	#86:2:	#86:2:
992	Scheelite	HM:I 41/a	#88:2:	#88:2:
993	Schizolite	HM:C -1	#	#2:
994	Schmiederite	HM:P 1 21/m 1	#11:b:	#11:b:
995	Schoepite	HM:P 21 c a	#29:-cba:	#29:-cba:
996	Schreibersite	HM:I -4	#82:	#82:
997	Schreyerite	HM:C 1 2/c 1	#15:b1:	#15:b1:
998	Schwertmannite	HM:P 1	#1:	#1:
999	Scolecite	HM:C 1 c 1	#9:b1:	#9:b1:
1000	Scorodite	HM:P b c a	#61:	#61:
1001	Scorzalite	HM:P 1 21/c 1	#14:b1:	#14:b1:
1002	Scrutinyite	HM:P b c n	#60:	#60:
1003	Seamanite	HM:P b n m	#62:cab:	#62:cab:
1004	Searlesite	HM:P 1 21 1	#4:b:	#4:b:
1005	Seeligerite	HM:C m m 2	#35:	#35:
1006	Segelerite	HM:P b c a	#61:	#61:
1007	Seifertite	HM:P b c n	#60:	#60:
1008	Sekaninaite	HM:C c c m	#66:	#66:
1009	Seligmannite	HM:P n 21 m	#31:bca:	#31:bca:
1010	Sellaite	HM:P 42/m n m	#136:	#136:
1011	Semseyite	HM:C 1 2/c 1	#15:b1:	#15:b1:
1012	Senarmontite	HM:F d -3 m	#227:1:	#227:1:
1013	Sepiolite	HM:P n c n	#52:bca:	#52:bca:
1014	Serendibite	HM:P -1	#2:	#2:
1015	Serpierite	HM:C 1 2/c 1	#15:b1:	#15:b1:
1016	Sewardite	HM:C c c m	#66:	#66:
1017	Shandite	HM:R -3 m	#166:r:	#166:r:
1018	Shattuckite	HM:P c a b	#61:ba-c:	#61:ba-c:
1019	Shigaite	HM:R -3	#148:h:	#148:h:
1020	Shortite	HM:A m m 2	#38:	#38:
1021	Siderite	HM:R -3 c	#167:h:	#167:h:
1022	Siderophyllite	HM:C 1 2 1	#5:b1:	#5:b1:
1023	Siegenite	HM:F d 3 m	#227:2:	#227:2:
1024	Silicate perovskite	?
1025	Silicate_perovskite	?
1026	Sillimanite	HM:P b n m	#62:cab:	#62:cab:
1027	Simetite	?
1028	Simonellite	HM:P n a a	#56:cab:	#56:cab:
1029	Simpsonite	HM:P 3	#143:	#143:
1030	Sincosite	HM:P 1	#1:	#1:
1031	Sinkankasite	HM:P -1	#2:	#2:
1032	Sinoite	HM:C m c 21	#36:	#36:
1033	Skaergaardite	HM:P m 3 m	#221:	#221:
1034	Sklodowskite	HM:C 1 2/m 1	#12:b1:	#12:b1:
1035	Skutterudite	HM:I m 3	#204:	#204:
1036	Smaltite	?
1037	Smectite	?
1038	Smithsonite	HM:R -3 c	#167:h:	#167:h:
1039	Sodalite	HM:P -4 3 n	#218:	#218:
1040	Soddyite	HM:F d d d	#70:2:	#70:2:
1041	Sonolite	HM:P 21/b 1 1	#14:a1:	#14:a1:
1042	Spectrolite	?
1043	Sperrylite	HM:P a 3	#205:	#205:
1044	Spertiniite	HM:C m c 21	#36:	#36:
1045	Spessartite	?
1046	Sphalerite	HM:F -4 3 m	#216:	#216:
1047	Spherocobaltite	HM:R -3 c	#167:h:	#167:h:
1048	Spurrite	HM:P 1 21/a 1	#14:b3:	#14:b3:
1049	Stannite	HM:I -4 2 m	#121:	#121:
1050	Stannoidite	HM:I 2 2 2	#23:	#23:
1051	Stantienite	?
1052	Staurolite	HM:C 1 2/m 1	#12:b1:	#12:b1:
1053	Steacyite	HM:P 4/m c c	#124:	#124:
1054	Stellerite	HM:F m m m	#69:	#69:
1055	Stephanite	HM:C m c 21	#36:	#36:
1056	Stercorite	HM:P -1	#2:	#2:
1057	Stibiconite	HM:F d 3 m	#227:2:	#227:2:
1058	Stibiopalladinite	HM:P 63 c m	#185:	#185:
1059	Stibnite	HM:P n m a	#62:	#62:
1060	Stichtite	HM:R -3 m	#166:h:	#166:h:
1061	Stilbite	?
1062	Stilleite	HM:F -4 3 m	#216:	#216:
1063	Stillwaterite	?
1064	Stishovite	HM:P 42/m n m	#136:	#136:
1065	Stolzite	HM:I 41/a	#88:1:	#88:1:
1066	Strashimirite	?
1067	Strengite	HM:P b c a	#61:	#61:
1068	Stromeyerite	HM:C m c 21	#36:	#36:
1069	Strontianite	HM:P m c n	#62:bca:	#62:bca:
1070	Struvite	HM:P m n 21	#31:	#31:
1071	Studenitsite	HM:P 1 1 21/b	#14:c3:	#14:c3:
1072	Studtite	HM:C 1 2/c 1	#15:b1:	#15:b1:
1073	Sturmanite	HM:P 3 1 c	#159:	#159:
1074	Suanite	HM:P 1 21/c 1	#14:b1:	#14:b1:
1075	Suessite	HM:I m 3 m	#229:	#229:
1076	Sugilite	HM:P 6/m c c	#192:	#192:
1077	Sursassite	HM:P 1 21/m 1	#11:b:	#11:b:
1078	Susannite	HM:P 3	#143:	#143:
1079	Sussexite	HM:P 1 21/c 1	#14:b1:	#14:b1:
1080	Svanbergite	HM:R -3 m	#166:r:	#166:r:
1081	Sweetite	?
1082	Switzerite	HM:P 1 21/a 1	#14:b3:	#14:b3:
1083	Sylvanite	HM:P 1 2/c 1	#13:b1:	#13:b1:
1084	Sylvite	HM:F m 3 m	#225:	#225:
1085	Syngenite	HM:P 1 21/m 1	#11:b:	#11:b:
1086	Taaffeite	?
1087	Tachyhydrite	HM:R -3	#148:r:	#148:r:
1088	Taenite	?
1089	Taikanite	HM:C 1 2 1	#5:b1:	#5:b1:
1090	Talmessite	HM:P -1	#2:	#2:
1091	Talnakhite	HM:I -4 3 m	#217:	#217:
1092	Tamarugite	HM:P 1 21/a 1	#14:b3:	#14:b3:
1093	Tangeite	HM:P 21 21 21	#19:	#19:
1094	Tantalite	?
1095	Tantite	HM:I 1 2 1	#5:b3:	#5:b3:
1096	Tanzanite	?
1097	Tapiolite	?
1098	Taranakite	HM:R -3 c	#167:h:	#167:h:
1099	Tarapacaite	HM:P n a m	#62:a-cb:	#62:a-cb:
1100	Tarbuttite	HM:P -1	#2:	#2:
1101	Tausonite	HM:P b n m	#62:cab:	#62:cab:
1102	Teallite	HM:P n m a	#62:	#62:
1103	Tellurite	HM:P c a b	#61:ba-c:	#61:ba-c:
1104	Tellurobismuthite	HM:R 3 m	#160:h:	#160:h:
1105	Temagamite	?
1106	Tennantite	HM:I -4 3 m	#217:	#217:
1107	Tenorite	HM:C 1 2/c 1	#15:b1:	#15:b1:
1108	Tephroite	HM:P b n m	#62:cab:	#62:cab:
1109	Terlinguaite	HM:C 1 2/c 1	#15:b1:	#15:b1:
1110	Teruggite	HM:P 1 21/a 1	#14:b3:	#14:b3:
1111	Tetradymite	HM:R -3	#148:h:	#148:h:
1112	Tetrahedrite	HM:I -4 3 m	#217:	#217:
1113	Tetrataenite	HM:P 4/m m m	#123:	#123:
1114	Thaumasite	HM:P 63	#173:	#173:
1115	Thenardite	HM:F d d d	#70:2:	#70:2:
1116	Thermonatrite	HM:P 21 a b	#29:cab:	#29:cab:
1117	Thomsenolite	HM:P 1 21/c 1	#14:b1:	#14:b1:
1118	Thomsonite	?
1119	Thorianite	HM:F m 3 m	#225:	#225:
1120	Thorite	HM:I 41/a m d	#141:1:	#141:1:
1121	Thortveitite	HM:C 1 2/m 1	#12:b1:	#12:b1:
1122	Thulite	?
1123	Thuringite	?
1124	Tiemannite	HM:F -4 3 m	#216:	#216:
1125	Tienshanite	HM:P 6/m	#175:	#175:
1126	Tinaksite	HM:P -1	#2:	#2:
1127	Tincalconite	HM:R 3 2	#155:h:	#155:h:
1128	Titanite	HM:P 1 21/a 1	#14:b3:	#14:b3:
1129	Titanowodginite	?
1130	Tobermorite	HM:C -1	#	#2:
1131	Todorokite	HM:P 1 2/m 1	#10:b:	#10:b:
1132	Tokyoite	?
1133	Tongbaite	HM:P n m a	#62:	#62:
1134	Torbernite	HM:P 4/n n c	#126:2:	#126:2:
1135	Tranquillityite	?
1136	Tremolite	HM:C 1 2/m 1	#12:b1:	#12:b1:
1137	Trevorite	HM:F d -3 m	#227:2:	#227:2:
1138	Tridymite	HM:C 1 c 1	#9:b1:	#9:b1:
1139	Triphylite	HM:P b n m	#62:cab:	#62:cab:
1140	Triplite	HM:I 1 2/a 1	#15:b3:	#15:b3:
1141	Triploidite	HM:P 1 21/a 1	#14:b3:	#14:b3:
1142	Tripuhyite	HM:P 42/m n m	#136:	#136:
1143	Troilite	HM:P -6 2 c	#190:	#190:
1144	Tsavorite	?
1145	Tschermakite	HM:C 1 2/m 1	#12:b1:	#12:b1:
1146	Tschermigite	HM:P a 3	#205:	#205:
1147	Tsumcorite	HM:C 1 2/m 1	#12:b1:	#12:b1:
1148	Tsumebite	HM:P 1 21/m 1	#11:b:	#11:b:
1149	Tugtupite	HM:I -4	#82:	#82:
1150	Tungstite	HM:P m n b	#62:ba-c:	#62:ba-c:
1151	Tuperssuatsiaite	HM:C 1 2/m 1	#12:b1:	#12:b1:
1152	Tusionite	HM:R -3	#148:h:	#148:h:
1153	Tyrolite	HM:P 1 2/c 1	#13:b1:	#13:b1:
1154	Tyrrellite	HM:F d 3 m	#227:2:	#227:2:
1155	Tyuyamunite	?
1156	Uchucchacuaite	HM:P 1 21/n 1	#14:b2:	#14:b2:
1157	Uklonskovite	HM:P 1 21/m 1	#11:b:	#11:b:
1158	Ulexite	HM:P -1	#2:	#2:
1159	Ullmannite	HM:P 21 3	#198:	#198:
1160	Ulrichite	HM:C 1 2/m 1	#12:b1:	#12:b1:
1161	Umangite	HM:P -4 21 m	#113:	#113:
1162	Umbite	HM:P 21 21 21	#19:	#19:
1163	Upalite	HM:P 1 21/a 1	#14:b3:	#14:b3:
1164	Uralite	?
1165	Uraninite	HM:F m 3 m	#225:	#225:
1166	Uranocircite	?
1167	Uranopilite	HM:P -1	#2:	#2:
1168	Uricite	HM:P 1 21/a 1	#14:b3:	#14:b3:
1169	Urusovite	HM:P 1 21/c 1	#14:b1:	#14:b1:
1170	Ussingite	HM:P -1	#2:	#2:
1171	Utahite	?
1172	Uvarovite	HM:I a -3 d	#230:	#230:
1173	Uytenbogaardtite	HM:P 41 3 2	#213:	#213:
1174	Vaesite	HM:P a 3	#205:	#205:
1175	Valentinite	HM:P c c n	#56:	#56:
1176	Valleriite	HM:P m m a	#51:	#51:
1177	Vanadinite	HM:P 63/m	#176:	#176:
1178	Vanadiocarpholite	HM:C c c a	#68:2:	#68:2:
1179	Vandenbrandeite	HM:P -1	#2:	#2:
1180	Vantasselite	?
1181	Vanuralite	?
1182	Variscite	HM:P b c a	#61:	#61:
1183	Vaterite	HM:P 65 2 2	#179:	#179:
1184	Vauquelinite	HM:P 1 21/n 1	#14:b2:	#14:b2:
1185	Vauxite	HM:P -1	#2:	#2:
1186	Veatchite	HM:A 1 a 1	#9:-b1:	#9:-b1:
1187	Vermiculite	HM:C 1 c 1	#9:b1:	#15:b1:
1188	Vesuvianite	HM:P 4/n n c	#126:2:	#126:2:
1189	Villiaumite	HM:F m 3 m	#225:	#225:
1190	Violarite	HM:F d -3 m	#227:2:	#227:2:
1191	Vishnevite	HM:P 63	#173:	#173:
1192	Vivianite	HM:C 1 2/m 1	#12:b1:	#12:b1:
1193	Vladimirite	HM:P 1 21/c 1	#14:b1:	#14:b1:
1194	Vlasovite	HM:C 1 2/c 1	#15:b1:	#15:b1:
1195	Volborthite	HM:C 1 2/c 1	#15:b1:	#15:b1:
1196	Vuagnatite	HM:P 21 21 21	#19:	#19:
1197	Vulcanite	HM:P m m n	#59:1:	#59:1:
1198	Wadsleyite	HM:I b m m	#74:cab:	#74:cab:
1199	Wagnerite	HM:I 1 a 1	#9:b3:	#9:b3:
1200	Wairakite	HM:I 1 2/a 1	#15:b3:	#15:b3:
1201	Wakabayashilite	HM:P n a 21	#33:	#33:
1202	Wakefieldite	?
1203	Walfordite	HM:I 21/a -3	#206:	#206:
1204	Wardite	HM:P 41 21 2	#92:	#92:
1205	Warikahnite	HM:P -1	#2:	#2:
1206	Warwickite	HM:P n a m	#62:a-cb:	#62:a-cb:
1207	Wassonite	HM:R -3 m	#166:h:	#166:h:
1208	Wattersite	HM:C 1 2/c 1	#15:b1:	#15:b1:
1209	Wavellite	HM:P c m n	#62:-cba:	#62:-cba:
1210	Weddellite	HM:I 4/m	#87:	#87:
1211	Weeksite	HM:A m m 2	#38:	#38:
1212	Weilite	HM:P -1	#2:	#2:
1213	Weissite	HM:P 3 m 1	#156:	#156:
1214	Weloganite	HM:P 1	#1:	#1:
1215	Whewellite	HM:P 1 21/c 1	#14:b1:	#14:b1:
1216	Whiteite	?
1217	Whitlockite	HM:R 3 c	#161:h:	#161:h:
1218	Willemite	HM:I -4 2 d	#122:	#122:
1219	Wiluite	HM:P 4/n n c	#126:2:	#126:2:
1220	Witherite	HM:P m c n	#62:bca:	#62:bca:
1221	Wodginite	HM:C 1 c 1	#9:b1:	#9:b1:
1222	Wolframite	?
1223	Wollastonite	HM:C -1	#	#2:
1224	Woodhouseite	HM:R -3 m	#166:r:	#166:r:
1225	Wulfenite	HM:I 41/a	#88:2:	#88:2:
1226	Wurtzite	HM:P 63 m c	#186:	#186:
1227	Wyartite	HM:P 21 21 21	#19:	#19:
1228	Xanthiosite	HM:P 1 21/c 1	#14:b1:	#14:b1:
1229	Xanthoconite	HM:C 1 2/c 1	#15:b1:	#15:b1:
1230	Xanthoxenite	?
1231	Xenophyllite	?
1232	Xiangjiangite	?
1233	Xieite	HM:C m c m	#63:	#63:
1234	Xifengite	HM:P 63/m c m	#193:	#193:
1235	Xilingolite	HM:C 1 2/m 1	#12:b1:	#12:b1:
1236	Ximengite	HM:P 31 2 1	#152:	#152:
1237	Xingzhongite	?
1238	Xitieshanite	HM:P 1 21/c 1	#14:b1:	#14:b1:
1239	Xocolatlite	?
1240	Xocomecatlite	?
1241	Xonotlite	HM:A 1 2/a 1	#15:-b1:	#15:-b1:
1242	Yingjiangite	?
1243	Yttrialite	?
1244	Yttrocerite	?
1245	Yttrocolumbite	?
1246	Yttrogummite	?
1247	Yuksporite	HM:P 1 21/m 1	#11:b:	#11:b:
1248	Zabuyelite	HM:C 1 2/c 1	#15:b1:	#15:b1:
1249	Zaccagnaite	HM:P 63/m m c	#194:	#194:
1250	Zaherite	?
1251	Zakharovite	?
1252	Zanazziite	HM:C 1 2/c 1	#15:b1:	#15:b1:
1253	Zaratite	?
1254	Zektzerite	HM:C m c a	#64:	#64:
1255	Zellerite	?
1256	Zemannite	HM:P 63/m	#176:	#176:
1257	Zeolite	?
1258	Zeunerite	HM:P 4/n n c	#126:2:	#126:2:
1259	Zhanghengite	?
1260	Zhangpeishanite	HM:P 4/n m m	#129:2:	#129:2:
1261	Zharchikhite	?
1262	Zhemchuzhnikovite	?
1263	Ziesite	HM:C 1 2/c 1	#15:b1:	#15:b1:
1264	Zimbabweite	HM:C c m b	#	#62:
1265	Zinalsite	?
1266	Zincite	HM:P 63 m c	#186:	#186:
1267	Zinclipscombite	?
1268	Zincmelanterite	?
1269	Zincochromite	HM:F d 3 m	#227:2:	#227:2:
1270	Zincolivenite	HM:P n n m	#58:	#58:
1271	Zinkenite	HM:P 63	#173:	#173:
1272	Zinnwaldite	HM:C 1 2 1	#5:b1:	#5:b1:
1273	Zippeite	HM:C 1 2/c 1	#15:b1:	#15:b1:
1274	Zirconolite	HM:A c a m	#64:-cba:	#64:-cba:
1275	Zircophyllite	?
1276	Zirkelite	HM:C 1 2/c 1	#15:b1:	#15:b1:
1277	Znucalite	?
1278	Zoisite	HM:P n m a	#62:	#62:
1279	Zorite	HM:C m m m	#65:	#65:
1280	Zunyite	HM:F -4 3 m	#216:	#216:
1281	Zussmanite	HM:R -3	#148:h:	#148:h:
1282	Zykaite	?
